<?xml version="1.0" encoding="UTF-8"?>
<!-- Generated by org.testng.reporters.JUnitReportReporter -->
<testsuite hostname="LAPTOP-FOPH4DRC" failures="2" tests="3" name="TestRunner.SampletestNg" time="26.299" errors="0" timestamp="2025-03-12T11:53:04 IST" skipped="0">
  <testcase classname="TestRunner.SampletestNg" name="runScenario" time="10.577">
    <failure message="expected [benakba fakhreddine] but found [manda user]" type="java.lang.AssertionError">
      <![CDATA[java.lang.AssertionError: expected [benakba fakhreddine] but found [manda user]
at org.testng.Assert.fail(Assert.java:111)
at org.testng.Assert.failNotEquals(Assert.java:1578)
at org.testng.Assert.assertEqualsImpl(Assert.java:150)
at org.testng.Assert.assertEquals(Assert.java:132)
at org.testng.Assert.assertEquals(Assert.java:656)
at org.testng.Assert.assertEquals(Assert.java:666)
at StepDefinition.SecondScenario.user_checks_the_functionality_of_login(SecondScenario.java:32)
at ✽.User checks the functionality of login(file:///C:/Users/svs%20deepak/eclipse-workspace/orangeapplication_pagefactory/src/test/resources/Feature/sample1.feature:15)
]]>
    </failure>
  </testcase> <!-- runScenario -->
  <testcase classname="TestRunner.SampletestNg" name="runScenario" time="8.668">
    <failure message="expected [benakba fakhreddine] but found [manda user]" type="java.lang.AssertionError">
      <![CDATA[java.lang.AssertionError: expected [benakba fakhreddine] but found [manda user]
at org.testng.Assert.fail(Assert.java:111)
at org.testng.Assert.failNotEquals(Assert.java:1578)
at org.testng.Assert.assertEqualsImpl(Assert.java:150)
at org.testng.Assert.assertEquals(Assert.java:132)
at org.testng.Assert.assertEquals(Assert.java:656)
at org.testng.Assert.assertEquals(Assert.java:666)
at StepDefinition.SecondScenario.user_checks_the_functionality_of_login(SecondScenario.java:32)
at ✽.User checks the functionality of login(file:///C:/Users/svs%20deepak/eclipse-workspace/orangeapplication_pagefactory/src/test/resources/Feature/sample1.feature:15)
]]>
    </failure>
  </testcase> <!-- runScenario -->
  <testcase classname="TestRunner.SampletestNg" name="runScenario" time="7.054"/>
</testsuite> <!-- TestRunner.SampletestNg -->
